\BOOKMARK [0][-]{chapter.1}{\376\377\0001\000\040\000H\000i\000e\000r\000a\000r\000c\000h\000i\000c\000a\000l\000\040\000I\000n\000d\000e\000x}{}% 1
\BOOKMARK [1][-]{section.1.1}{\376\377\0001\000.\0001\000\040\000C\000l\000a\000s\000s\000\040\000H\000i\000e\000r\000a\000r\000c\000h\000y}{chapter.1}% 2
\BOOKMARK [0][-]{chapter.2}{\376\377\0002\000\040\000C\000l\000a\000s\000s\000\040\000I\000n\000d\000e\000x}{}% 3
\BOOKMARK [1][-]{section.2.1}{\376\377\0002\000.\0001\000\040\000C\000l\000a\000s\000s\000\040\000L\000i\000s\000t}{chapter.2}% 4
\BOOKMARK [0][-]{chapter.3}{\376\377\0003\000\040\000F\000i\000l\000e\000\040\000I\000n\000d\000e\000x}{}% 5
\BOOKMARK [1][-]{section.3.1}{\376\377\0003\000.\0001\000\040\000F\000i\000l\000e\000\040\000L\000i\000s\000t}{chapter.3}% 6
\BOOKMARK [0][-]{chapter.4}{\376\377\0004\000\040\000C\000l\000a\000s\000s\000\040\000D\000o\000c\000u\000m\000e\000n\000t\000a\000t\000i\000o\000n}{}% 7
\BOOKMARK [1][-]{section.4.1}{\376\377\0004\000.\0001\000\040\000M\000a\000p\000:\000:\000C\000e\000l\000l\000\040\000S\000t\000r\000u\000c\000t\000\040\000R\000e\000f\000e\000r\000e\000n\000c\000e}{chapter.4}% 8
\BOOKMARK [2][-]{subsection.4.1.1}{\376\377\0004\000.\0001\000.\0001\000\040\000D\000e\000t\000a\000i\000l\000e\000d\000\040\000D\000e\000s\000c\000r\000i\000p\000t\000i\000o\000n}{section.4.1}% 9
\BOOKMARK [2][-]{subsection.4.1.2}{\376\377\0004\000.\0001\000.\0002\000\040\000M\000e\000m\000b\000e\000r\000\040\000D\000a\000t\000a\000\040\000D\000o\000c\000u\000m\000e\000n\000t\000a\000t\000i\000o\000n}{section.4.1}% 10
\BOOKMARK [3][-]{subsubsection.4.1.2.1}{\376\377\0004\000.\0001\000.\0002\000.\0001\000\040\000f\000l\000o\000w\000D\000i\000r\000e\000c\000t\000i\000o\000n\000X}{subsection.4.1.2}% 11
\BOOKMARK [3][-]{subsubsection.4.1.2.2}{\376\377\0004\000.\0001\000.\0002\000.\0002\000\040\000f\000l\000o\000w\000D\000i\000r\000e\000c\000t\000i\000o\000n\000Y}{subsection.4.1.2}% 12
\BOOKMARK [3][-]{subsubsection.4.1.2.3}{\376\377\0004\000.\0001\000.\0002\000.\0003\000\040\000f\000l\000o\000w\000D\000i\000s\000t\000a\000n\000c\000e}{subsection.4.1.2}% 13
\BOOKMARK [3][-]{subsubsection.4.1.2.4}{\376\377\0004\000.\0001\000.\0002\000.\0004\000\040\000i\000s\000S\000p\000a\000w\000n\000e\000r}{subsection.4.1.2}% 14
\BOOKMARK [3][-]{subsubsection.4.1.2.5}{\376\377\0004\000.\0001\000.\0002\000.\0005\000\040\000i\000s\000T\000a\000r\000g\000e\000t}{subsection.4.1.2}% 15
\BOOKMARK [3][-]{subsubsection.4.1.2.6}{\376\377\0004\000.\0001\000.\0002\000.\0006\000\040\000i\000s\000W\000a\000l\000l}{subsection.4.1.2}% 16
\BOOKMARK [3][-]{subsubsection.4.1.2.7}{\376\377\0004\000.\0001\000.\0002\000.\0007\000\040\000x}{subsection.4.1.2}% 17
\BOOKMARK [3][-]{subsubsection.4.1.2.8}{\376\377\0004\000.\0001\000.\0002\000.\0008\000\040\000y}{subsection.4.1.2}% 18
\BOOKMARK [1][-]{section.4.2}{\376\377\0004\000.\0002\000\040\000E\000x\000i\000t\000S\000t\000a\000t\000e\000\040\000C\000l\000a\000s\000s\000\040\000R\000e\000f\000e\000r\000e\000n\000c\000e}{chapter.4}% 19
\BOOKMARK [2][-]{subsection.4.2.1}{\376\377\0004\000.\0002\000.\0001\000\040\000C\000o\000n\000s\000t\000r\000u\000c\000t\000o\000r\000\040\000\046\000\040\000D\000e\000s\000t\000r\000u\000c\000t\000o\000r\000\040\000D\000o\000c\000u\000m\000e\000n\000t\000a\000t\000i\000o\000n}{section.4.2}% 20
\BOOKMARK [3][-]{subsubsection.4.2.1.1}{\376\377\0004\000.\0002\000.\0001\000.\0001\000\040\000E\000x\000i\000t\000S\000t\000a\000t\000e\000\050\000\051}{subsection.4.2.1}% 21
\BOOKMARK [2][-]{subsection.4.2.2}{\376\377\0004\000.\0002\000.\0002\000\040\000M\000e\000m\000b\000e\000r\000\040\000F\000u\000n\000c\000t\000i\000o\000n\000\040\000D\000o\000c\000u\000m\000e\000n\000t\000a\000t\000i\000o\000n}{section.4.2}% 22
\BOOKMARK [3][-]{subsubsection.4.2.2.1}{\376\377\0004\000.\0002\000.\0002\000.\0001\000\040\000e\000n\000t\000e\000r\000\050\000\051}{subsection.4.2.2}% 23
\BOOKMARK [3][-]{subsubsection.4.2.2.2}{\376\377\0004\000.\0002\000.\0002\000.\0002\000\040\000e\000x\000i\000t\000\050\000\051}{subsection.4.2.2}% 24
\BOOKMARK [3][-]{subsubsection.4.2.2.3}{\376\377\0004\000.\0002\000.\0002\000.\0003\000\040\000g\000e\000t\000\050\000\051}{subsection.4.2.2}% 25
\BOOKMARK [3][-]{subsubsection.4.2.2.4}{\376\377\0004\000.\0002\000.\0002\000.\0004\000\040\000h\000a\000n\000d\000l\000e\000E\000v\000e\000n\000t\000\050\000\051}{subsection.4.2.2}% 26
\BOOKMARK [3][-]{subsubsection.4.2.2.5}{\376\377\0004\000.\0002\000.\0002\000.\0005\000\040\000r\000e\000n\000d\000e\000r\000\050\000\051}{subsection.4.2.2}% 27
\BOOKMARK [3][-]{subsubsection.4.2.2.6}{\376\377\0004\000.\0002\000.\0002\000.\0006\000\040\000u\000p\000d\000a\000t\000e\000\050\000\051}{subsection.4.2.2}% 28
\BOOKMARK [2][-]{subsection.4.2.3}{\376\377\0004\000.\0002\000.\0003\000\040\000M\000e\000m\000b\000e\000r\000\040\000D\000a\000t\000a\000\040\000D\000o\000c\000u\000m\000e\000n\000t\000a\000t\000i\000o\000n}{section.4.2}% 29
\BOOKMARK [3][-]{subsubsection.4.2.3.1}{\376\377\0004\000.\0002\000.\0003\000.\0001\000\040\000s\000E\000x\000i\000t\000S\000t\000a\000t\000e}{subsection.4.2.3}% 30
\BOOKMARK [1][-]{section.4.3}{\376\377\0004\000.\0003\000\040\000G\000a\000m\000e\000S\000t\000a\000t\000e\000\040\000C\000l\000a\000s\000s\000\040\000R\000e\000f\000e\000r\000e\000n\000c\000e}{chapter.4}% 31
\BOOKMARK [2][-]{subsection.4.3.1}{\376\377\0004\000.\0003\000.\0001\000\040\000C\000o\000n\000s\000t\000r\000u\000c\000t\000o\000r\000\040\000\046\000\040\000D\000e\000s\000t\000r\000u\000c\000t\000o\000r\000\040\000D\000o\000c\000u\000m\000e\000n\000t\000a\000t\000i\000o\000n}{section.4.3}% 32
\BOOKMARK [3][-]{subsubsection.4.3.1.1}{\376\377\0004\000.\0003\000.\0001\000.\0001\000\040\000~\000G\000a\000m\000e\000S\000t\000a\000t\000e\000\050\000\051}{subsection.4.3.1}% 33
\BOOKMARK [2][-]{subsection.4.3.2}{\376\377\0004\000.\0003\000.\0002\000\040\000M\000e\000m\000b\000e\000r\000\040\000F\000u\000n\000c\000t\000i\000o\000n\000\040\000D\000o\000c\000u\000m\000e\000n\000t\000a\000t\000i\000o\000n}{section.4.3}% 34
\BOOKMARK [3][-]{subsubsection.4.3.2.1}{\376\377\0004\000.\0003\000.\0002\000.\0001\000\040\000e\000n\000t\000e\000r\000\050\000\051}{subsection.4.3.2}% 35
\BOOKMARK [3][-]{subsubsection.4.3.2.2}{\376\377\0004\000.\0003\000.\0002\000.\0002\000\040\000e\000x\000i\000t\000\050\000\051}{subsection.4.3.2}% 36
\BOOKMARK [3][-]{subsubsection.4.3.2.3}{\376\377\0004\000.\0003\000.\0002\000.\0003\000\040\000h\000a\000n\000d\000l\000e\000E\000v\000e\000n\000t\000\050\000\051}{subsection.4.3.2}% 37
\BOOKMARK [3][-]{subsubsection.4.3.2.4}{\376\377\0004\000.\0003\000.\0002\000.\0004\000\040\000r\000e\000n\000d\000e\000r\000\050\000\051}{subsection.4.3.2}% 38
\BOOKMARK [3][-]{subsubsection.4.3.2.5}{\376\377\0004\000.\0003\000.\0002\000.\0005\000\040\000u\000p\000d\000a\000t\000e\000\050\000\051}{subsection.4.3.2}% 39
\BOOKMARK [1][-]{section.4.4}{\376\377\0004\000.\0004\000\040\000G\000l\000o\000b\000a\000l\000\040\000C\000l\000a\000s\000s\000\040\000R\000e\000f\000e\000r\000e\000n\000c\000e}{chapter.4}% 40
\BOOKMARK [2][-]{subsection.4.4.1}{\376\377\0004\000.\0004\000.\0001\000\040\000M\000e\000m\000b\000e\000r\000\040\000D\000a\000t\000a\000\040\000D\000o\000c\000u\000m\000e\000n\000t\000a\000t\000i\000o\000n}{section.4.4}% 41
\BOOKMARK [3][-]{subsubsection.4.4.1.1}{\376\377\0004\000.\0004\000.\0001\000.\0001\000\040\000k\000S\000c\000r\000e\000e\000n\000H\000e\000i\000g\000h\000t}{subsection.4.4.1}% 42
\BOOKMARK [3][-]{subsubsection.4.4.1.2}{\376\377\0004\000.\0004\000.\0001\000.\0002\000\040\000k\000S\000c\000r\000e\000e\000n\000W\000i\000d\000t\000h}{subsection.4.4.1}% 43
\BOOKMARK [1][-]{section.4.5}{\376\377\0004\000.\0005\000\040\000I\000n\000t\000r\000o\000S\000t\000a\000t\000e\000\040\000C\000l\000a\000s\000s\000\040\000R\000e\000f\000e\000r\000e\000n\000c\000e}{chapter.4}% 44
\BOOKMARK [2][-]{subsection.4.5.1}{\376\377\0004\000.\0005\000.\0001\000\040\000C\000o\000n\000s\000t\000r\000u\000c\000t\000o\000r\000\040\000\046\000\040\000D\000e\000s\000t\000r\000u\000c\000t\000o\000r\000\040\000D\000o\000c\000u\000m\000e\000n\000t\000a\000t\000i\000o\000n}{section.4.5}% 45
\BOOKMARK [3][-]{subsubsection.4.5.1.1}{\376\377\0004\000.\0005\000.\0001\000.\0001\000\040\000I\000n\000t\000r\000o\000S\000t\000a\000t\000e\000\050\000\051}{subsection.4.5.1}% 46
\BOOKMARK [2][-]{subsection.4.5.2}{\376\377\0004\000.\0005\000.\0002\000\040\000M\000e\000m\000b\000e\000r\000\040\000F\000u\000n\000c\000t\000i\000o\000n\000\040\000D\000o\000c\000u\000m\000e\000n\000t\000a\000t\000i\000o\000n}{section.4.5}% 47
\BOOKMARK [3][-]{subsubsection.4.5.2.1}{\376\377\0004\000.\0005\000.\0002\000.\0001\000\040\000e\000n\000t\000e\000r\000\050\000\051}{subsection.4.5.2}% 48
\BOOKMARK [3][-]{subsubsection.4.5.2.2}{\376\377\0004\000.\0005\000.\0002\000.\0002\000\040\000e\000x\000i\000t\000\050\000\051}{subsection.4.5.2}% 49
\BOOKMARK [3][-]{subsubsection.4.5.2.3}{\376\377\0004\000.\0005\000.\0002\000.\0003\000\040\000g\000e\000t\000\050\000\051}{subsection.4.5.2}% 50
\BOOKMARK [3][-]{subsubsection.4.5.2.4}{\376\377\0004\000.\0005\000.\0002\000.\0004\000\040\000h\000a\000n\000d\000l\000e\000E\000v\000e\000n\000t\000\050\000\051}{subsection.4.5.2}% 51
\BOOKMARK [3][-]{subsubsection.4.5.2.5}{\376\377\0004\000.\0005\000.\0002\000.\0005\000\040\000r\000e\000n\000d\000e\000r\000\050\000\051}{subsection.4.5.2}% 52
\BOOKMARK [3][-]{subsubsection.4.5.2.6}{\376\377\0004\000.\0005\000.\0002\000.\0006\000\040\000u\000p\000d\000a\000t\000e\000\050\000\051}{subsection.4.5.2}% 53
\BOOKMARK [2][-]{subsection.4.5.3}{\376\377\0004\000.\0005\000.\0003\000\040\000M\000e\000m\000b\000e\000r\000\040\000D\000a\000t\000a\000\040\000D\000o\000c\000u\000m\000e\000n\000t\000a\000t\000i\000o\000n}{section.4.5}% 54
\BOOKMARK [3][-]{subsubsection.4.5.3.1}{\376\377\0004\000.\0005\000.\0003\000.\0001\000\040\000m\000B\000a\000c\000k\000g\000r\000o\000u\000n\000d\000T\000e\000x\000t\000u\000r\000e}{subsection.4.5.3}% 55
\BOOKMARK [3][-]{subsubsection.4.5.3.2}{\376\377\0004\000.\0005\000.\0003\000.\0002\000\040\000m\000M\000e\000s\000s\000a\000g\000e\000T\000e\000x\000t\000u\000r\000e}{subsection.4.5.3}% 56
\BOOKMARK [3][-]{subsubsection.4.5.3.3}{\376\377\0004\000.\0005\000.\0003\000.\0003\000\040\000s\000I\000n\000t\000r\000o\000S\000t\000a\000t\000e}{subsection.4.5.3}% 57
\BOOKMARK [1][-]{section.4.6}{\376\377\0004\000.\0006\000\040\000L\000B\000u\000t\000t\000o\000n\000\040\000C\000l\000a\000s\000s\000\040\000R\000e\000f\000e\000r\000e\000n\000c\000e}{chapter.4}% 58
\BOOKMARK [2][-]{subsection.4.6.1}{\376\377\0004\000.\0006\000.\0001\000\040\000M\000e\000m\000b\000e\000r\000\040\000E\000n\000u\000m\000e\000r\000a\000t\000i\000o\000n\000\040\000D\000o\000c\000u\000m\000e\000n\000t\000a\000t\000i\000o\000n}{section.4.6}% 59
\BOOKMARK [3][-]{subsubsection.4.6.1.1}{\376\377\0004\000.\0006\000.\0001\000.\0001\000\040\000e\000B\000u\000t\000t\000o\000n\000S\000p\000r\000i\000t\000e}{subsection.4.6.1}% 60
\BOOKMARK [2][-]{subsection.4.6.2}{\376\377\0004\000.\0006\000.\0002\000\040\000C\000o\000n\000s\000t\000r\000u\000c\000t\000o\000r\000\040\000\046\000\040\000D\000e\000s\000t\000r\000u\000c\000t\000o\000r\000\040\000D\000o\000c\000u\000m\000e\000n\000t\000a\000t\000i\000o\000n}{section.4.6}% 61
\BOOKMARK [3][-]{subsubsection.4.6.2.1}{\376\377\0004\000.\0006\000.\0002\000.\0001\000\040\000L\000B\000u\000t\000t\000o\000n\000\050\000\051}{subsection.4.6.2}% 62
\BOOKMARK [2][-]{subsection.4.6.3}{\376\377\0004\000.\0006\000.\0003\000\040\000M\000e\000m\000b\000e\000r\000\040\000F\000u\000n\000c\000t\000i\000o\000n\000\040\000D\000o\000c\000u\000m\000e\000n\000t\000a\000t\000i\000o\000n}{section.4.6}% 63
\BOOKMARK [3][-]{subsubsection.4.6.3.1}{\376\377\0004\000.\0006\000.\0003\000.\0001\000\040\000h\000a\000n\000d\000l\000e\000E\000v\000e\000n\000t\000\050\000\051}{subsection.4.6.3}% 64
\BOOKMARK [3][-]{subsubsection.4.6.3.2}{\376\377\0004\000.\0006\000.\0003\000.\0002\000\040\000i\000s\000C\000l\000i\000c\000k\000e\000d\000\050\000\051}{subsection.4.6.3}% 65
\BOOKMARK [3][-]{subsubsection.4.6.3.3}{\376\377\0004\000.\0006\000.\0003\000.\0003\000\040\000r\000e\000n\000d\000e\000r\000\050\000\051}{subsection.4.6.3}% 66
\BOOKMARK [3][-]{subsubsection.4.6.3.4}{\376\377\0004\000.\0006\000.\0003\000.\0004\000\040\000s\000e\000t\000P\000o\000s\000i\000t\000i\000o\000n\000\050\000\051}{subsection.4.6.3}% 67
\BOOKMARK [3][-]{subsubsection.4.6.3.5}{\376\377\0004\000.\0006\000.\0003\000.\0005\000\040\000s\000e\000t\000T\000e\000x\000t\000\050\000\051}{subsection.4.6.3}% 68
\BOOKMARK [2][-]{subsection.4.6.4}{\376\377\0004\000.\0006\000.\0004\000\040\000M\000e\000m\000b\000e\000r\000\040\000D\000a\000t\000a\000\040\000D\000o\000c\000u\000m\000e\000n\000t\000a\000t\000i\000o\000n}{section.4.6}% 69
\BOOKMARK [3][-]{subsubsection.4.6.4.1}{\376\377\0004\000.\0006\000.\0004\000.\0001\000\040\000g\000B\000u\000t\000t\000o\000n\000S\000p\000r\000i\000t\000e\000T\000e\000x\000t\000u\000r\000e}{subsection.4.6.4}% 70
\BOOKMARK [3][-]{subsubsection.4.6.4.2}{\376\377\0004\000.\0006\000.\0004\000.\0002\000\040\000k\000B\000u\000t\000t\000o\000n\000H\000e\000i\000g\000h\000t}{subsection.4.6.4}% 71
\BOOKMARK [3][-]{subsubsection.4.6.4.3}{\376\377\0004\000.\0006\000.\0004\000.\0003\000\040\000k\000B\000u\000t\000t\000o\000n\000W\000i\000d\000t\000h}{subsection.4.6.4}% 72
\BOOKMARK [3][-]{subsubsection.4.6.4.4}{\376\377\0004\000.\0006\000.\0004\000.\0004\000\040\000m\000C\000u\000r\000r\000e\000n\000t\000S\000p\000r\000i\000t\000e}{subsection.4.6.4}% 73
\BOOKMARK [3][-]{subsubsection.4.6.4.5}{\376\377\0004\000.\0006\000.\0004\000.\0005\000\040\000m\000P\000o\000s\000i\000t\000i\000o\000n}{subsection.4.6.4}% 74
\BOOKMARK [1][-]{section.4.7}{\376\377\0004\000.\0007\000\040\000L\000T\000e\000x\000t\000u\000r\000e\000\040\000C\000l\000a\000s\000s\000\040\000R\000e\000f\000e\000r\000e\000n\000c\000e}{chapter.4}% 75
\BOOKMARK [2][-]{subsection.4.7.1}{\376\377\0004\000.\0007\000.\0001\000\040\000C\000o\000n\000s\000t\000r\000u\000c\000t\000o\000r\000\040\000\046\000\040\000D\000e\000s\000t\000r\000u\000c\000t\000o\000r\000\040\000D\000o\000c\000u\000m\000e\000n\000t\000a\000t\000i\000o\000n}{section.4.7}% 76
\BOOKMARK [3][-]{subsubsection.4.7.1.1}{\376\377\0004\000.\0007\000.\0001\000.\0001\000\040\000L\000T\000e\000x\000t\000u\000r\000e\000\050\000\051}{subsection.4.7.1}% 77
\BOOKMARK [3][-]{subsubsection.4.7.1.2}{\376\377\0004\000.\0007\000.\0001\000.\0002\000\040\000~\000L\000T\000e\000x\000t\000u\000r\000e\000\050\000\051}{subsection.4.7.1}% 78
\BOOKMARK [2][-]{subsection.4.7.2}{\376\377\0004\000.\0007\000.\0002\000\040\000M\000e\000m\000b\000e\000r\000\040\000F\000u\000n\000c\000t\000i\000o\000n\000\040\000D\000o\000c\000u\000m\000e\000n\000t\000a\000t\000i\000o\000n}{section.4.7}% 79
\BOOKMARK [3][-]{subsubsection.4.7.2.1}{\376\377\0004\000.\0007\000.\0002\000.\0001\000\040\000d\000e\000s\000t\000r\000o\000y\000\050\000\051}{subsection.4.7.2}% 80
\BOOKMARK [3][-]{subsubsection.4.7.2.2}{\376\377\0004\000.\0007\000.\0002\000.\0002\000\040\000g\000e\000t\000H\000e\000i\000g\000h\000t\000\050\000\051}{subsection.4.7.2}% 81
\BOOKMARK [3][-]{subsubsection.4.7.2.3}{\376\377\0004\000.\0007\000.\0002\000.\0003\000\040\000g\000e\000t\000W\000i\000d\000t\000h\000\050\000\051}{subsection.4.7.2}% 82
\BOOKMARK [3][-]{subsubsection.4.7.2.4}{\376\377\0004\000.\0007\000.\0002\000.\0004\000\040\000l\000o\000a\000d\000F\000r\000o\000m\000F\000i\000l\000e\000\050\000\051}{subsection.4.7.2}% 83
\BOOKMARK [3][-]{subsubsection.4.7.2.5}{\376\377\0004\000.\0007\000.\0002\000.\0005\000\040\000l\000o\000a\000d\000F\000r\000o\000m\000R\000e\000n\000d\000e\000r\000e\000d\000T\000e\000x\000t\000\050\000\051}{subsection.4.7.2}% 84
\BOOKMARK [3][-]{subsubsection.4.7.2.6}{\376\377\0004\000.\0007\000.\0002\000.\0006\000\040\000r\000e\000n\000d\000e\000r\000\050\000\051}{subsection.4.7.2}% 85
\BOOKMARK [3][-]{subsubsection.4.7.2.7}{\376\377\0004\000.\0007\000.\0002\000.\0007\000\040\000s\000e\000t\000A\000l\000p\000h\000a\000\050\000\051}{subsection.4.7.2}% 86
\BOOKMARK [3][-]{subsubsection.4.7.2.8}{\376\377\0004\000.\0007\000.\0002\000.\0008\000\040\000s\000e\000t\000B\000l\000e\000n\000d\000i\000n\000g\000\050\000\051}{subsection.4.7.2}% 87
\BOOKMARK [3][-]{subsubsection.4.7.2.9}{\376\377\0004\000.\0007\000.\0002\000.\0009\000\040\000s\000e\000t\000C\000o\000l\000o\000r\000\050\000\051}{subsection.4.7.2}% 88
\BOOKMARK [2][-]{subsection.4.7.3}{\376\377\0004\000.\0007\000.\0003\000\040\000M\000e\000m\000b\000e\000r\000\040\000D\000a\000t\000a\000\040\000D\000o\000c\000u\000m\000e\000n\000t\000a\000t\000i\000o\000n}{section.4.7}% 89
\BOOKMARK [3][-]{subsubsection.4.7.3.1}{\376\377\0004\000.\0007\000.\0003\000.\0001\000\040\000k\000O\000r\000i\000g\000i\000n\000a\000l\000S\000i\000z\000e}{subsection.4.7.3}% 90
\BOOKMARK [3][-]{subsubsection.4.7.3.2}{\376\377\0004\000.\0007\000.\0003\000.\0002\000\040\000m\000H\000e\000i\000g\000h\000t}{subsection.4.7.3}% 91
\BOOKMARK [3][-]{subsubsection.4.7.3.3}{\376\377\0004\000.\0007\000.\0003\000.\0003\000\040\000m\000T\000e\000x\000t\000u\000r\000e}{subsection.4.7.3}% 92
\BOOKMARK [3][-]{subsubsection.4.7.3.4}{\376\377\0004\000.\0007\000.\0003\000.\0004\000\040\000m\000W\000i\000d\000t\000h}{subsection.4.7.3}% 93
\BOOKMARK [1][-]{section.4.8}{\376\377\0004\000.\0008\000\040\000L\000T\000i\000m\000e\000r\000\040\000C\000l\000a\000s\000s\000\040\000R\000e\000f\000e\000r\000e\000n\000c\000e}{chapter.4}% 94
\BOOKMARK [2][-]{subsection.4.8.1}{\376\377\0004\000.\0008\000.\0001\000\040\000C\000o\000n\000s\000t\000r\000u\000c\000t\000o\000r\000\040\000\046\000\040\000D\000e\000s\000t\000r\000u\000c\000t\000o\000r\000\040\000D\000o\000c\000u\000m\000e\000n\000t\000a\000t\000i\000o\000n}{section.4.8}% 95
\BOOKMARK [3][-]{subsubsection.4.8.1.1}{\376\377\0004\000.\0008\000.\0001\000.\0001\000\040\000L\000T\000i\000m\000e\000r\000\050\000\051}{subsection.4.8.1}% 96
\BOOKMARK [2][-]{subsection.4.8.2}{\376\377\0004\000.\0008\000.\0002\000\040\000M\000e\000m\000b\000e\000r\000\040\000F\000u\000n\000c\000t\000i\000o\000n\000\040\000D\000o\000c\000u\000m\000e\000n\000t\000a\000t\000i\000o\000n}{section.4.8}% 97
\BOOKMARK [3][-]{subsubsection.4.8.2.1}{\376\377\0004\000.\0008\000.\0002\000.\0001\000\040\000g\000e\000t\000T\000i\000c\000k\000s\000N\000S\000\050\000\051}{subsection.4.8.2}% 98
\BOOKMARK [3][-]{subsubsection.4.8.2.2}{\376\377\0004\000.\0008\000.\0002\000.\0002\000\040\000i\000s\000P\000a\000u\000s\000e\000d\000\050\000\051}{subsection.4.8.2}% 99
\BOOKMARK [3][-]{subsubsection.4.8.2.3}{\376\377\0004\000.\0008\000.\0002\000.\0003\000\040\000i\000s\000S\000t\000a\000r\000t\000e\000d\000\050\000\051}{subsection.4.8.2}% 100
\BOOKMARK [3][-]{subsubsection.4.8.2.4}{\376\377\0004\000.\0008\000.\0002\000.\0004\000\040\000p\000a\000u\000s\000e\000\050\000\051}{subsection.4.8.2}% 101
\BOOKMARK [3][-]{subsubsection.4.8.2.5}{\376\377\0004\000.\0008\000.\0002\000.\0005\000\040\000s\000t\000a\000r\000t\000\050\000\051}{subsection.4.8.2}% 102
\BOOKMARK [3][-]{subsubsection.4.8.2.6}{\376\377\0004\000.\0008\000.\0002\000.\0006\000\040\000s\000t\000o\000p\000\050\000\051}{subsection.4.8.2}% 103
\BOOKMARK [3][-]{subsubsection.4.8.2.7}{\376\377\0004\000.\0008\000.\0002\000.\0007\000\040\000u\000n\000p\000a\000u\000s\000e\000\050\000\051}{subsection.4.8.2}% 104
\BOOKMARK [2][-]{subsection.4.8.3}{\376\377\0004\000.\0008\000.\0003\000\040\000M\000e\000m\000b\000e\000r\000\040\000D\000a\000t\000a\000\040\000D\000o\000c\000u\000m\000e\000n\000t\000a\000t\000i\000o\000n}{section.4.8}% 105
\BOOKMARK [3][-]{subsubsection.4.8.3.1}{\376\377\0004\000.\0008\000.\0003\000.\0001\000\040\000m\000P\000a\000u\000s\000e\000d}{subsection.4.8.3}% 106
\BOOKMARK [3][-]{subsubsection.4.8.3.2}{\376\377\0004\000.\0008\000.\0003\000.\0002\000\040\000m\000P\000a\000u\000s\000e\000d\000T\000i\000c\000k\000s}{subsection.4.8.3}% 107
\BOOKMARK [3][-]{subsubsection.4.8.3.3}{\376\377\0004\000.\0008\000.\0003\000.\0003\000\040\000m\000S\000t\000a\000r\000t\000e\000d}{subsection.4.8.3}% 108
\BOOKMARK [3][-]{subsubsection.4.8.3.4}{\376\377\0004\000.\0008\000.\0003\000.\0004\000\040\000m\000S\000t\000a\000r\000t\000T\000i\000c\000k\000s}{subsection.4.8.3}% 109
\BOOKMARK [1][-]{section.4.9}{\376\377\0004\000.\0009\000\040\000M\000a\000i\000n\000G\000a\000m\000e\000S\000t\000a\000t\000e\000\040\000C\000l\000a\000s\000s\000\040\000R\000e\000f\000e\000r\000e\000n\000c\000e}{chapter.4}% 110
\BOOKMARK [2][-]{subsection.4.9.1}{\376\377\0004\000.\0009\000.\0001\000\040\000C\000o\000n\000s\000t\000r\000u\000c\000t\000o\000r\000\040\000\046\000\040\000D\000e\000s\000t\000r\000u\000c\000t\000o\000r\000\040\000D\000o\000c\000u\000m\000e\000n\000t\000a\000t\000i\000o\000n}{section.4.9}% 111
\BOOKMARK [3][-]{subsubsection.4.9.1.1}{\376\377\0004\000.\0009\000.\0001\000.\0001\000\040\000M\000a\000i\000n\000G\000a\000m\000e\000S\000t\000a\000t\000e\000\050\000\051}{subsection.4.9.1}% 112
\BOOKMARK [2][-]{subsection.4.9.2}{\376\377\0004\000.\0009\000.\0002\000\040\000M\000e\000m\000b\000e\000r\000\040\000F\000u\000n\000c\000t\000i\000o\000n\000\040\000D\000o\000c\000u\000m\000e\000n\000t\000a\000t\000i\000o\000n}{section.4.9}% 113
\BOOKMARK [3][-]{subsubsection.4.9.2.1}{\376\377\0004\000.\0009\000.\0002\000.\0001\000\040\000e\000n\000t\000e\000r\000\050\000\051}{subsection.4.9.2}% 114
\BOOKMARK [3][-]{subsubsection.4.9.2.2}{\376\377\0004\000.\0009\000.\0002\000.\0002\000\040\000e\000x\000i\000t\000\050\000\051}{subsection.4.9.2}% 115
\BOOKMARK [3][-]{subsubsection.4.9.2.3}{\376\377\0004\000.\0009\000.\0002\000.\0003\000\040\000g\000e\000t\000\050\000\051}{subsection.4.9.2}% 116
\BOOKMARK [3][-]{subsubsection.4.9.2.4}{\376\377\0004\000.\0009\000.\0002\000.\0004\000\040\000h\000a\000n\000d\000l\000e\000E\000v\000e\000n\000t\000\050\000\051}{subsection.4.9.2}% 117
\BOOKMARK [3][-]{subsubsection.4.9.2.5}{\376\377\0004\000.\0009\000.\0002\000.\0005\000\040\000r\000e\000n\000d\000e\000r\000\050\000\051}{subsection.4.9.2}% 118
\BOOKMARK [3][-]{subsubsection.4.9.2.6}{\376\377\0004\000.\0009\000.\0002\000.\0006\000\040\000u\000p\000d\000a\000t\000e\000\050\000\051}{subsection.4.9.2}% 119
\BOOKMARK [2][-]{subsection.4.9.3}{\376\377\0004\000.\0009\000.\0003\000\040\000M\000e\000m\000b\000e\000r\000\040\000D\000a\000t\000a\000\040\000D\000o\000c\000u\000m\000e\000n\000t\000a\000t\000i\000o\000n}{section.4.9}% 120
\BOOKMARK [3][-]{subsubsection.4.9.3.1}{\376\377\0004\000.\0009\000.\0003\000.\0001\000\040\000m\000B\000a\000c\000k\000g\000r\000o\000u\000n\000d\000T\000e\000x\000t\000u\000r\000e}{subsection.4.9.3}% 121
\BOOKMARK [3][-]{subsubsection.4.9.3.2}{\376\377\0004\000.\0009\000.\0003\000.\0002\000\040\000m\000M\000e\000s\000s\000a\000g\000e\000T\000e\000x\000t\000u\000r\000e}{subsection.4.9.3}% 122
\BOOKMARK [3][-]{subsubsection.4.9.3.3}{\376\377\0004\000.\0009\000.\0003\000.\0003\000\040\000s\000M\000a\000i\000n\000G\000a\000m\000e\000S\000t\000a\000t\000e}{subsection.4.9.3}% 123
\BOOKMARK [1][-]{section.4.10}{\376\377\0004\000.\0001\0000\000\040\000M\000a\000p\000\040\000C\000l\000a\000s\000s\000\040\000R\000e\000f\000e\000r\000e\000n\000c\000e}{chapter.4}% 124
\BOOKMARK [2][-]{subsection.4.10.1}{\376\377\0004\000.\0001\0000\000.\0001\000\040\000C\000o\000n\000s\000t\000r\000u\000c\000t\000o\000r\000\040\000\046\000\040\000D\000e\000s\000t\000r\000u\000c\000t\000o\000r\000\040\000D\000o\000c\000u\000m\000e\000n\000t\000a\000t\000i\000o\000n}{section.4.10}% 125
\BOOKMARK [3][-]{subsubsection.4.10.1.1}{\376\377\0004\000.\0001\0000\000.\0001\000.\0001\000\040\000M\000a\000p\000\050\000\051}{subsection.4.10.1}% 126
\BOOKMARK [2][-]{subsection.4.10.2}{\376\377\0004\000.\0001\0000\000.\0002\000\040\000M\000e\000m\000b\000e\000r\000\040\000F\000u\000n\000c\000t\000i\000o\000n\000\040\000D\000o\000c\000u\000m\000e\000n\000t\000a\000t\000i\000o\000n}{section.4.10}% 127
\BOOKMARK [3][-]{subsubsection.4.10.2.1}{\376\377\0004\000.\0001\0000\000.\0002\000.\0001\000\040\000c\000a\000l\000c\000u\000l\000a\000t\000e\000D\000i\000s\000t\000a\000n\000c\000e\000s\000\050\000\051}{subsection.4.10.2}% 128
\BOOKMARK [3][-]{subsubsection.4.10.2.2}{\376\377\0004\000.\0001\0000\000.\0002\000.\0002\000\040\000c\000a\000l\000c\000u\000l\000a\000t\000e\000F\000l\000o\000w\000D\000i\000r\000e\000c\000t\000i\000o\000n\000s\000\050\000\051}{subsection.4.10.2}% 129
\BOOKMARK [3][-]{subsubsection.4.10.2.3}{\376\377\0004\000.\0001\0000\000.\0002\000.\0003\000\040\000c\000a\000l\000c\000u\000l\000a\000t\000e\000F\000l\000o\000w\000F\000i\000e\000l\000d\000\050\000\051}{subsection.4.10.2}% 130
\BOOKMARK [3][-]{subsubsection.4.10.2.4}{\376\377\0004\000.\0001\0000\000.\0002\000.\0004\000\040\000d\000r\000a\000w\000\050\000\051}{subsection.4.10.2}% 131
\BOOKMARK [3][-]{subsubsection.4.10.2.5}{\376\377\0004\000.\0001\0000\000.\0002\000.\0005\000\040\000d\000r\000a\000w\000C\000e\000l\000l\000\050\000\051}{subsection.4.10.2}% 132
\BOOKMARK [3][-]{subsubsection.4.10.2.6}{\376\377\0004\000.\0001\0000\000.\0002\000.\0006\000\040\000g\000e\000t\000F\000l\000o\000w\000N\000o\000r\000m\000a\000l\000\050\000\051}{subsection.4.10.2}% 133
\BOOKMARK [3][-]{subsubsection.4.10.2.7}{\376\377\0004\000.\0001\0000\000.\0002\000.\0007\000\040\000g\000e\000t\000T\000a\000r\000g\000e\000t\000P\000o\000s\000\050\000\051}{subsection.4.10.2}% 134
\BOOKMARK [3][-]{subsubsection.4.10.2.8}{\376\377\0004\000.\0001\0000\000.\0002\000.\0008\000\040\000i\000s\000C\000e\000l\000l\000W\000a\000l\000l\000\050\000\051}{subsection.4.10.2}% 135
\BOOKMARK [3][-]{subsubsection.4.10.2.9}{\376\377\0004\000.\0001\0000\000.\0002\000.\0009\000\040\000i\000s\000I\000n\000b\000o\000u\000n\000d\000s\000\050\000\051}{subsection.4.10.2}% 136
\BOOKMARK [3][-]{subsubsection.4.10.2.10}{\376\377\0004\000.\0001\0000\000.\0002\000.\0001\0000\000\040\000i\000s\000S\000p\000a\000w\000n\000e\000r\000\050\000\051}{subsection.4.10.2}% 137
\BOOKMARK [3][-]{subsubsection.4.10.2.11}{\376\377\0004\000.\0001\0000\000.\0002\000.\0001\0001\000\040\000i\000s\000T\000a\000r\000g\000e\000t\000\050\000\051}{subsection.4.10.2}% 138
\BOOKMARK [3][-]{subsubsection.4.10.2.12}{\376\377\0004\000.\0001\0000\000.\0002\000.\0001\0002\000\040\000i\000s\000V\000a\000l\000i\000d\000P\000a\000t\000h\000\050\000\051}{subsection.4.10.2}% 139
\BOOKMARK [3][-]{subsubsection.4.10.2.13}{\376\377\0004\000.\0001\0000\000.\0002\000.\0001\0003\000\040\000s\000e\000t\000C\000e\000l\000l\000W\000a\000l\000l\000\050\000\051}{subsection.4.10.2}% 140
\BOOKMARK [3][-]{subsubsection.4.10.2.14}{\376\377\0004\000.\0001\0000\000.\0002\000.\0001\0004\000\040\000s\000e\000t\000S\000p\000a\000w\000n\000e\000r\000\050\000\051}{subsection.4.10.2}% 141
\BOOKMARK [3][-]{subsubsection.4.10.2.15}{\376\377\0004\000.\0001\0000\000.\0002\000.\0001\0005\000\040\000s\000e\000t\000T\000a\000r\000g\000e\000t\000\050\000\051}{subsection.4.10.2}% 142
\BOOKMARK [2][-]{subsection.4.10.3}{\376\377\0004\000.\0001\0000\000.\0003\000\040\000M\000e\000m\000b\000e\000r\000\040\000D\000a\000t\000a\000\040\000D\000o\000c\000u\000m\000e\000n\000t\000a\000t\000i\000o\000n}{section.4.10}% 143
\BOOKMARK [3][-]{subsubsection.4.10.3.1}{\376\377\0004\000.\0001\0000\000.\0003\000.\0001\000\040\000c\000e\000l\000l\000C\000o\000u\000n\000t\000X}{subsection.4.10.3}% 144
\BOOKMARK [3][-]{subsubsection.4.10.3.2}{\376\377\0004\000.\0001\0000\000.\0003\000.\0002\000\040\000c\000e\000l\000l\000C\000o\000u\000n\000t\000Y}{subsection.4.10.3}% 145
\BOOKMARK [3][-]{subsubsection.4.10.3.3}{\376\377\0004\000.\0001\0000\000.\0003\000.\0003\000\040\000c\000e\000l\000l\000s}{subsection.4.10.3}% 146
\BOOKMARK [3][-]{subsubsection.4.10.3.4}{\376\377\0004\000.\0001\0000\000.\0003\000.\0004\000\040\000f\000l\000o\000w\000D\000i\000s\000t\000a\000n\000c\000e\000M\000a\000x}{subsection.4.10.3}% 147
\BOOKMARK [3][-]{subsubsection.4.10.3.5}{\376\377\0004\000.\0001\0000\000.\0003\000.\0005\000\040\000P\000I\000X\000E\000L\000S\000\137\000P\000E\000R\000\137\000C\000E\000L\000L}{subsection.4.10.3}% 148
\BOOKMARK [3][-]{subsubsection.4.10.3.6}{\376\377\0004\000.\0001\0000\000.\0003\000.\0006\000\040\000t\000e\000x\000t\000u\000r\000e\000C\000e\000l\000l\000A\000r\000r\000o\000w\000D\000o\000w\000n}{subsection.4.10.3}% 149
\BOOKMARK [3][-]{subsubsection.4.10.3.7}{\376\377\0004\000.\0001\0000\000.\0003\000.\0007\000\040\000t\000e\000x\000t\000u\000r\000e\000C\000e\000l\000l\000A\000r\000r\000o\000w\000L\000e\000f\000t}{subsection.4.10.3}% 150
\BOOKMARK [3][-]{subsubsection.4.10.3.8}{\376\377\0004\000.\0001\0000\000.\0003\000.\0008\000\040\000t\000e\000x\000t\000u\000r\000e\000C\000e\000l\000l\000A\000r\000r\000o\000w\000R\000i\000g\000h\000t}{subsection.4.10.3}% 151
\BOOKMARK [3][-]{subsubsection.4.10.3.9}{\376\377\0004\000.\0001\0000\000.\0003\000.\0009\000\040\000t\000e\000x\000t\000u\000r\000e\000C\000e\000l\000l\000A\000r\000r\000o\000w\000U\000p}{subsection.4.10.3}% 152
\BOOKMARK [3][-]{subsubsection.4.10.3.10}{\376\377\0004\000.\0001\0000\000.\0003\000.\0001\0000\000\040\000t\000e\000x\000t\000u\000r\000e\000C\000e\000l\000l\000E\000m\000p\000t\000y}{subsection.4.10.3}% 153
\BOOKMARK [3][-]{subsubsection.4.10.3.11}{\376\377\0004\000.\0001\0000\000.\0003\000.\0001\0001\000\040\000t\000e\000x\000t\000u\000r\000e\000C\000e\000l\000l\000S\000p\000a\000w\000n\000e\000r}{subsection.4.10.3}% 154
\BOOKMARK [3][-]{subsubsection.4.10.3.12}{\376\377\0004\000.\0001\0000\000.\0003\000.\0001\0002\000\040\000t\000e\000x\000t\000u\000r\000e\000C\000e\000l\000l\000T\000a\000r\000g\000e\000t}{subsection.4.10.3}% 155
\BOOKMARK [3][-]{subsubsection.4.10.3.13}{\376\377\0004\000.\0001\0000\000.\0003\000.\0001\0003\000\040\000t\000e\000x\000t\000u\000r\000e\000C\000e\000l\000l\000W\000a\000l\000l}{subsection.4.10.3}% 156
\BOOKMARK [1][-]{section.4.11}{\376\377\0004\000.\0001\0001\000\040\000P\000a\000r\000t\0001\000S\000t\000a\000t\000e\000\040\000C\000l\000a\000s\000s\000\040\000R\000e\000f\000e\000r\000e\000n\000c\000e}{chapter.4}% 157
\BOOKMARK [2][-]{subsection.4.11.1}{\376\377\0004\000.\0001\0001\000.\0001\000\040\000C\000o\000n\000s\000t\000r\000u\000c\000t\000o\000r\000\040\000\046\000\040\000D\000e\000s\000t\000r\000u\000c\000t\000o\000r\000\040\000D\000o\000c\000u\000m\000e\000n\000t\000a\000t\000i\000o\000n}{section.4.11}% 158
\BOOKMARK [3][-]{subsubsection.4.11.1.1}{\376\377\0004\000.\0001\0001\000.\0001\000.\0001\000\040\000P\000a\000r\000t\0001\000S\000t\000a\000t\000e\000\050\000\051}{subsection.4.11.1}% 159
\BOOKMARK [2][-]{subsection.4.11.2}{\376\377\0004\000.\0001\0001\000.\0002\000\040\000M\000e\000m\000b\000e\000r\000\040\000F\000u\000n\000c\000t\000i\000o\000n\000\040\000D\000o\000c\000u\000m\000e\000n\000t\000a\000t\000i\000o\000n}{section.4.11}% 160
\BOOKMARK [3][-]{subsubsection.4.11.2.1}{\376\377\0004\000.\0001\0001\000.\0002\000.\0001\000\040\000e\000n\000t\000e\000r\000\050\000\051}{subsection.4.11.2}% 161
\BOOKMARK [3][-]{subsubsection.4.11.2.2}{\376\377\0004\000.\0001\0001\000.\0002\000.\0002\000\040\000e\000x\000i\000t\000\050\000\051}{subsection.4.11.2}% 162
\BOOKMARK [3][-]{subsubsection.4.11.2.3}{\376\377\0004\000.\0001\0001\000.\0002\000.\0003\000\040\000g\000e\000t\000\050\000\051}{subsection.4.11.2}% 163
\BOOKMARK [3][-]{subsubsection.4.11.2.4}{\376\377\0004\000.\0001\0001\000.\0002\000.\0004\000\040\000h\000a\000n\000d\000l\000e\000E\000v\000e\000n\000t\000\050\000\051}{subsection.4.11.2}% 164
\BOOKMARK [3][-]{subsubsection.4.11.2.5}{\376\377\0004\000.\0001\0001\000.\0002\000.\0005\000\040\000r\000e\000n\000d\000e\000r\000\050\000\051}{subsection.4.11.2}% 165
\BOOKMARK [3][-]{subsubsection.4.11.2.6}{\376\377\0004\000.\0001\0001\000.\0002\000.\0006\000\040\000u\000p\000d\000a\000t\000e\000\050\000\051}{subsection.4.11.2}% 166
\BOOKMARK [2][-]{subsection.4.11.3}{\376\377\0004\000.\0001\0001\000.\0003\000\040\000M\000e\000m\000b\000e\000r\000\040\000D\000a\000t\000a\000\040\000D\000o\000c\000u\000m\000e\000n\000t\000a\000t\000i\000o\000n}{section.4.11}% 167
\BOOKMARK [3][-]{subsubsection.4.11.3.1}{\376\377\0004\000.\0001\0001\000.\0003\000.\0001\000\040\000k\000e\000y\000D\000o\000w\000n\000S\000t\000a\000t\000u\000s}{subsection.4.11.3}% 168
\BOOKMARK [3][-]{subsubsection.4.11.3.2}{\376\377\0004\000.\0001\0001\000.\0003\000.\0002\000\040\000m\000a\000p}{subsection.4.11.3}% 169
\BOOKMARK [3][-]{subsubsection.4.11.3.3}{\376\377\0004\000.\0001\0001\000.\0003\000.\0003\000\040\000m\000B\000a\000c\000k\000g\000r\000o\000u\000n\000d\000T\000e\000x\000t\000u\000r\000e}{subsection.4.11.3}% 170
\BOOKMARK [3][-]{subsubsection.4.11.3.4}{\376\377\0004\000.\0001\0001\000.\0003\000.\0004\000\040\000m\000M\000e\000s\000s\000a\000g\000e\000T\000e\000x\000t\000u\000r\000e}{subsection.4.11.3}% 171
\BOOKMARK [3][-]{subsubsection.4.11.3.5}{\376\377\0004\000.\0001\0001\000.\0003\000.\0005\000\040\000m\000o\000u\000s\000e\000D\000o\000w\000n\000S\000t\000a\000t\000u\000s}{subsection.4.11.3}% 172
\BOOKMARK [3][-]{subsubsection.4.11.3.6}{\376\377\0004\000.\0001\0001\000.\0003\000.\0006\000\040\000s\000P\000a\000r\000t\0001\000S\000t\000a\000t\000e}{subsection.4.11.3}% 173
\BOOKMARK [1][-]{section.4.12}{\376\377\0004\000.\0001\0002\000\040\000P\000a\000r\000t\0002\000S\000t\000a\000t\000e\000\040\000C\000l\000a\000s\000s\000\040\000R\000e\000f\000e\000r\000e\000n\000c\000e}{chapter.4}% 174
\BOOKMARK [2][-]{subsection.4.12.1}{\376\377\0004\000.\0001\0002\000.\0001\000\040\000C\000o\000n\000s\000t\000r\000u\000c\000t\000o\000r\000\040\000\046\000\040\000D\000e\000s\000t\000r\000u\000c\000t\000o\000r\000\040\000D\000o\000c\000u\000m\000e\000n\000t\000a\000t\000i\000o\000n}{section.4.12}% 175
\BOOKMARK [3][-]{subsubsection.4.12.1.1}{\376\377\0004\000.\0001\0002\000.\0001\000.\0001\000\040\000P\000a\000r\000t\0002\000S\000t\000a\000t\000e\000\050\000\051}{subsection.4.12.1}% 176
\BOOKMARK [2][-]{subsection.4.12.2}{\376\377\0004\000.\0001\0002\000.\0002\000\040\000M\000e\000m\000b\000e\000r\000\040\000F\000u\000n\000c\000t\000i\000o\000n\000\040\000D\000o\000c\000u\000m\000e\000n\000t\000a\000t\000i\000o\000n}{section.4.12}% 177
\BOOKMARK [3][-]{subsubsection.4.12.2.1}{\376\377\0004\000.\0001\0002\000.\0002\000.\0001\000\040\000e\000n\000t\000e\000r\000\050\000\051}{subsection.4.12.2}% 178
\BOOKMARK [3][-]{subsubsection.4.12.2.2}{\376\377\0004\000.\0001\0002\000.\0002\000.\0002\000\040\000e\000x\000i\000t\000\050\000\051}{subsection.4.12.2}% 179
\BOOKMARK [3][-]{subsubsection.4.12.2.3}{\376\377\0004\000.\0001\0002\000.\0002\000.\0003\000\040\000g\000e\000t\000\050\000\051}{subsection.4.12.2}% 180
\BOOKMARK [3][-]{subsubsection.4.12.2.4}{\376\377\0004\000.\0001\0002\000.\0002\000.\0004\000\040\000h\000a\000n\000d\000l\000e\000E\000v\000e\000n\000t\000\050\000\051}{subsection.4.12.2}% 181
\BOOKMARK [3][-]{subsubsection.4.12.2.5}{\376\377\0004\000.\0001\0002\000.\0002\000.\0005\000\040\000r\000e\000n\000d\000e\000r\000\050\000\051}{subsection.4.12.2}% 182
\BOOKMARK [3][-]{subsubsection.4.12.2.6}{\376\377\0004\000.\0001\0002\000.\0002\000.\0006\000\040\000u\000p\000d\000a\000t\000e\000\050\000\051}{subsection.4.12.2}% 183
\BOOKMARK [2][-]{subsection.4.12.3}{\376\377\0004\000.\0001\0002\000.\0003\000\040\000M\000e\000m\000b\000e\000r\000\040\000D\000a\000t\000a\000\040\000D\000o\000c\000u\000m\000e\000n\000t\000a\000t\000i\000o\000n}{section.4.12}% 184
\BOOKMARK [3][-]{subsubsection.4.12.3.1}{\376\377\0004\000.\0001\0002\000.\0003\000.\0001\000\040\000m\000B\000a\000c\000k\000g\000r\000o\000u\000n\000d\000T\000e\000x\000t\000u\000r\000e}{subsection.4.12.3}% 185
\BOOKMARK [3][-]{subsubsection.4.12.3.2}{\376\377\0004\000.\0001\0002\000.\0003\000.\0002\000\040\000m\000M\000e\000s\000s\000a\000g\000e\000T\000e\000x\000t\000u\000r\000e}{subsection.4.12.3}% 186
\BOOKMARK [3][-]{subsubsection.4.12.3.3}{\376\377\0004\000.\0001\0002\000.\0003\000.\0003\000\040\000s\000P\000a\000r\000t\0002\000S\000t\000a\000t\000e}{subsection.4.12.3}% 187
\BOOKMARK [1][-]{section.4.13}{\376\377\0004\000.\0001\0003\000\040\000P\000a\000r\000t\0003\000S\000t\000a\000t\000e\000\040\000C\000l\000a\000s\000s\000\040\000R\000e\000f\000e\000r\000e\000n\000c\000e}{chapter.4}% 188
\BOOKMARK [2][-]{subsection.4.13.1}{\376\377\0004\000.\0001\0003\000.\0001\000\040\000C\000o\000n\000s\000t\000r\000u\000c\000t\000o\000r\000\040\000\046\000\040\000D\000e\000s\000t\000r\000u\000c\000t\000o\000r\000\040\000D\000o\000c\000u\000m\000e\000n\000t\000a\000t\000i\000o\000n}{section.4.13}% 189
\BOOKMARK [3][-]{subsubsection.4.13.1.1}{\376\377\0004\000.\0001\0003\000.\0001\000.\0001\000\040\000P\000a\000r\000t\0003\000S\000t\000a\000t\000e\000\050\000\051}{subsection.4.13.1}% 190
\BOOKMARK [2][-]{subsection.4.13.2}{\376\377\0004\000.\0001\0003\000.\0002\000\040\000M\000e\000m\000b\000e\000r\000\040\000F\000u\000n\000c\000t\000i\000o\000n\000\040\000D\000o\000c\000u\000m\000e\000n\000t\000a\000t\000i\000o\000n}{section.4.13}% 191
\BOOKMARK [3][-]{subsubsection.4.13.2.1}{\376\377\0004\000.\0001\0003\000.\0002\000.\0001\000\040\000e\000n\000t\000e\000r\000\050\000\051}{subsection.4.13.2}% 192
\BOOKMARK [3][-]{subsubsection.4.13.2.2}{\376\377\0004\000.\0001\0003\000.\0002\000.\0002\000\040\000e\000x\000i\000t\000\050\000\051}{subsection.4.13.2}% 193
\BOOKMARK [3][-]{subsubsection.4.13.2.3}{\376\377\0004\000.\0001\0003\000.\0002\000.\0003\000\040\000g\000e\000t\000\050\000\051}{subsection.4.13.2}% 194
\BOOKMARK [3][-]{subsubsection.4.13.2.4}{\376\377\0004\000.\0001\0003\000.\0002\000.\0004\000\040\000h\000a\000n\000d\000l\000e\000E\000v\000e\000n\000t\000\050\000\051}{subsection.4.13.2}% 195
\BOOKMARK [3][-]{subsubsection.4.13.2.5}{\376\377\0004\000.\0001\0003\000.\0002\000.\0005\000\040\000r\000e\000n\000d\000e\000r\000\050\000\051}{subsection.4.13.2}% 196
\BOOKMARK [3][-]{subsubsection.4.13.2.6}{\376\377\0004\000.\0001\0003\000.\0002\000.\0006\000\040\000u\000p\000d\000a\000t\000e\000\050\000\051}{subsection.4.13.2}% 197
\BOOKMARK [2][-]{subsection.4.13.3}{\376\377\0004\000.\0001\0003\000.\0003\000\040\000M\000e\000m\000b\000e\000r\000\040\000D\000a\000t\000a\000\040\000D\000o\000c\000u\000m\000e\000n\000t\000a\000t\000i\000o\000n}{section.4.13}% 198
\BOOKMARK [3][-]{subsubsection.4.13.3.1}{\376\377\0004\000.\0001\0003\000.\0003\000.\0001\000\040\000m\000B\000a\000c\000k\000g\000r\000o\000u\000n\000d\000T\000e\000x\000t\000u\000r\000e}{subsection.4.13.3}% 199
\BOOKMARK [3][-]{subsubsection.4.13.3.2}{\376\377\0004\000.\0001\0003\000.\0003\000.\0002\000\040\000m\000M\000e\000s\000s\000a\000g\000e\000T\000e\000x\000t\000u\000r\000e}{subsection.4.13.3}% 200
\BOOKMARK [3][-]{subsubsection.4.13.3.3}{\376\377\0004\000.\0001\0003\000.\0003\000.\0003\000\040\000s\000P\000a\000r\000t\0003\000S\000t\000a\000t\000e}{subsection.4.13.3}% 201
\BOOKMARK [1][-]{section.4.14}{\376\377\0004\000.\0001\0004\000\040\000T\000e\000x\000t\000u\000r\000e\000L\000o\000a\000d\000e\000r\000\040\000C\000l\000a\000s\000s\000\040\000R\000e\000f\000e\000r\000e\000n\000c\000e}{chapter.4}% 202
\BOOKMARK [2][-]{subsection.4.14.1}{\376\377\0004\000.\0001\0004\000.\0001\000\040\000M\000e\000m\000b\000e\000r\000\040\000F\000u\000n\000c\000t\000i\000o\000n\000\040\000D\000o\000c\000u\000m\000e\000n\000t\000a\000t\000i\000o\000n}{section.4.14}% 203
\BOOKMARK [3][-]{subsubsection.4.14.1.1}{\376\377\0004\000.\0001\0004\000.\0001\000.\0001\000\040\000d\000e\000a\000l\000l\000o\000c\000a\000t\000e\000T\000e\000x\000t\000u\000r\000e\000s\000\050\000\051}{subsection.4.14.1}% 204
\BOOKMARK [3][-]{subsubsection.4.14.1.2}{\376\377\0004\000.\0001\0004\000.\0001\000.\0002\000\040\000l\000o\000a\000d\000T\000e\000x\000t\000u\000r\000e\000\050\000\051}{subsection.4.14.1}% 205
\BOOKMARK [2][-]{subsection.4.14.2}{\376\377\0004\000.\0001\0004\000.\0002\000\040\000M\000e\000m\000b\000e\000r\000\040\000D\000a\000t\000a\000\040\000D\000o\000c\000u\000m\000e\000n\000t\000a\000t\000i\000o\000n}{section.4.14}% 206
\BOOKMARK [3][-]{subsubsection.4.14.2.1}{\376\377\0004\000.\0001\0004\000.\0002\000.\0001\000\040\000l\000o\000a\000d\000e\000d\000T\000e\000x\000t\000u\000r\000e\000s}{subsection.4.14.2}% 207
\BOOKMARK [3][-]{subsubsection.4.14.2.2}{\376\377\0004\000.\0001\0004\000.\0002\000.\0002\000\040\000T\000E\000X\000T\000U\000R\000E\000\137\000P\000A\000T\000H}{subsection.4.14.2}% 208
\BOOKMARK [1][-]{section.4.15}{\376\377\0004\000.\0001\0005\000\040\000T\000i\000t\000l\000e\000S\000t\000a\000t\000e\000\040\000C\000l\000a\000s\000s\000\040\000R\000e\000f\000e\000r\000e\000n\000c\000e}{chapter.4}% 209
\BOOKMARK [2][-]{subsection.4.15.1}{\376\377\0004\000.\0001\0005\000.\0001\000\040\000C\000o\000n\000s\000t\000r\000u\000c\000t\000o\000r\000\040\000\046\000\040\000D\000e\000s\000t\000r\000u\000c\000t\000o\000r\000\040\000D\000o\000c\000u\000m\000e\000n\000t\000a\000t\000i\000o\000n}{section.4.15}% 210
\BOOKMARK [3][-]{subsubsection.4.15.1.1}{\376\377\0004\000.\0001\0005\000.\0001\000.\0001\000\040\000T\000i\000t\000l\000e\000S\000t\000a\000t\000e\000\050\000\051}{subsection.4.15.1}% 211
\BOOKMARK [2][-]{subsection.4.15.2}{\376\377\0004\000.\0001\0005\000.\0002\000\040\000M\000e\000m\000b\000e\000r\000\040\000F\000u\000n\000c\000t\000i\000o\000n\000\040\000D\000o\000c\000u\000m\000e\000n\000t\000a\000t\000i\000o\000n}{section.4.15}% 212
\BOOKMARK [3][-]{subsubsection.4.15.2.1}{\376\377\0004\000.\0001\0005\000.\0002\000.\0001\000\040\000e\000n\000t\000e\000r\000\050\000\051}{subsection.4.15.2}% 213
\BOOKMARK [3][-]{subsubsection.4.15.2.2}{\376\377\0004\000.\0001\0005\000.\0002\000.\0002\000\040\000e\000x\000i\000t\000\050\000\051}{subsection.4.15.2}% 214
\BOOKMARK [3][-]{subsubsection.4.15.2.3}{\376\377\0004\000.\0001\0005\000.\0002\000.\0003\000\040\000g\000e\000t\000\050\000\051}{subsection.4.15.2}% 215
\BOOKMARK [3][-]{subsubsection.4.15.2.4}{\376\377\0004\000.\0001\0005\000.\0002\000.\0004\000\040\000h\000a\000n\000d\000l\000e\000E\000v\000e\000n\000t\000\050\000\051}{subsection.4.15.2}% 216
\BOOKMARK [3][-]{subsubsection.4.15.2.5}{\376\377\0004\000.\0001\0005\000.\0002\000.\0005\000\040\000r\000e\000n\000d\000e\000r\000\050\000\051}{subsection.4.15.2}% 217
\BOOKMARK [3][-]{subsubsection.4.15.2.6}{\376\377\0004\000.\0001\0005\000.\0002\000.\0006\000\040\000u\000p\000d\000a\000t\000e\000\050\000\051}{subsection.4.15.2}% 218
\BOOKMARK [2][-]{subsection.4.15.3}{\376\377\0004\000.\0001\0005\000.\0003\000\040\000M\000e\000m\000b\000e\000r\000\040\000D\000a\000t\000a\000\040\000D\000o\000c\000u\000m\000e\000n\000t\000a\000t\000i\000o\000n}{section.4.15}% 219
\BOOKMARK [3][-]{subsubsection.4.15.3.1}{\376\377\0004\000.\0001\0005\000.\0003\000.\0001\000\040\000m\000B\000a\000c\000k\000g\000r\000o\000u\000n\000d\000T\000e\000x\000t\000u\000r\000e}{subsection.4.15.3}% 220
\BOOKMARK [3][-]{subsubsection.4.15.3.2}{\376\377\0004\000.\0001\0005\000.\0003\000.\0002\000\040\000m\000M\000e\000s\000s\000a\000g\000e\000T\000e\000x\000t\000u\000r\000e}{subsection.4.15.3}% 221
\BOOKMARK [3][-]{subsubsection.4.15.3.3}{\376\377\0004\000.\0001\0005\000.\0003\000.\0003\000\040\000s\000T\000i\000t\000l\000e\000S\000t\000a\000t\000e}{subsection.4.15.3}% 222
\BOOKMARK [1][-]{section.4.16}{\376\377\0004\000.\0001\0006\000\040\000V\000e\000c\000t\000o\000r\0002\000D\000\040\000C\000l\000a\000s\000s\000\040\000R\000e\000f\000e\000r\000e\000n\000c\000e}{chapter.4}% 223
\BOOKMARK [2][-]{subsection.4.16.1}{\376\377\0004\000.\0001\0006\000.\0001\000\040\000C\000o\000n\000s\000t\000r\000u\000c\000t\000o\000r\000\040\000\046\000\040\000D\000e\000s\000t\000r\000u\000c\000t\000o\000r\000\040\000D\000o\000c\000u\000m\000e\000n\000t\000a\000t\000i\000o\000n}{section.4.16}% 224
\BOOKMARK [3][-]{subsubsection.4.16.1.1}{\376\377\0004\000.\0001\0006\000.\0001\000.\0001\000\040\000V\000e\000c\000t\000o\000r\0002\000D\000\050\000\051\000\040\000[\0001\000/\0004\000]}{subsection.4.16.1}% 225
\BOOKMARK [3][-]{subsubsection.4.16.1.2}{\376\377\0004\000.\0001\0006\000.\0001\000.\0002\000\040\000V\000e\000c\000t\000o\000r\0002\000D\000\050\000\051\000\040\000[\0002\000/\0004\000]}{subsection.4.16.1}% 226
\BOOKMARK [3][-]{subsubsection.4.16.1.3}{\376\377\0004\000.\0001\0006\000.\0001\000.\0003\000\040\000V\000e\000c\000t\000o\000r\0002\000D\000\050\000\051\000\040\000[\0003\000/\0004\000]}{subsection.4.16.1}% 227
\BOOKMARK [3][-]{subsubsection.4.16.1.4}{\376\377\0004\000.\0001\0006\000.\0001\000.\0004\000\040\000V\000e\000c\000t\000o\000r\0002\000D\000\050\000\051\000\040\000[\0004\000/\0004\000]}{subsection.4.16.1}% 228
\BOOKMARK [2][-]{subsection.4.16.2}{\376\377\0004\000.\0001\0006\000.\0002\000\040\000M\000e\000m\000b\000e\000r\000\040\000F\000u\000n\000c\000t\000i\000o\000n\000\040\000D\000o\000c\000u\000m\000e\000n\000t\000a\000t\000i\000o\000n}{section.4.16}% 229
\BOOKMARK [3][-]{subsubsection.4.16.2.1}{\376\377\0004\000.\0001\0006\000.\0002\000.\0001\000\040\000a\000n\000g\000l\000e\000\050\000\051}{subsection.4.16.2}% 230
\BOOKMARK [3][-]{subsubsection.4.16.2.2}{\376\377\0004\000.\0001\0006\000.\0002\000.\0002\000\040\000a\000n\000g\000l\000e\000B\000e\000t\000w\000e\000e\000n\000\050\000\051}{subsection.4.16.2}% 231
\BOOKMARK [3][-]{subsubsection.4.16.2.3}{\376\377\0004\000.\0001\0006\000.\0002\000.\0003\000\040\000c\000r\000o\000s\000s\000\050\000\051}{subsection.4.16.2}% 232
\BOOKMARK [3][-]{subsubsection.4.16.2.4}{\376\377\0004\000.\0001\0006\000.\0002\000.\0004\000\040\000d\000o\000t\000\050\000\051}{subsection.4.16.2}% 233
\BOOKMARK [3][-]{subsubsection.4.16.2.5}{\376\377\0004\000.\0001\0006\000.\0002\000.\0005\000\040\000g\000e\000t\000N\000e\000g\000a\000t\000i\000v\000e\000R\000e\000c\000i\000p\000r\000o\000c\000a\000l\000\050\000\051}{subsection.4.16.2}% 234
\BOOKMARK [3][-]{subsubsection.4.16.2.6}{\376\377\0004\000.\0001\0006\000.\0002\000.\0006\000\040\000m\000a\000g\000n\000i\000t\000u\000d\000e\000\050\000\051}{subsection.4.16.2}% 235
\BOOKMARK [3][-]{subsubsection.4.16.2.7}{\376\377\0004\000.\0001\0006\000.\0002\000.\0007\000\040\000n\000o\000r\000m\000a\000l\000i\000z\000e\000\050\000\051}{subsection.4.16.2}% 236
\BOOKMARK [3][-]{subsubsection.4.16.2.8}{\376\377\0004\000.\0001\0006\000.\0002\000.\0008\000\040\000o\000p\000e\000r\000a\000t\000o\000r\000*\000\050\000\051\000\040\000[\0001\000/\0002\000]}{subsection.4.16.2}% 237
\BOOKMARK [3][-]{subsubsection.4.16.2.9}{\376\377\0004\000.\0001\0006\000.\0002\000.\0009\000\040\000o\000p\000e\000r\000a\000t\000o\000r\000*\000\050\000\051\000\040\000[\0002\000/\0002\000]}{subsection.4.16.2}% 238
\BOOKMARK [3][-]{subsubsection.4.16.2.10}{\376\377\0004\000.\0001\0006\000.\0002\000.\0001\0000\000\040\000o\000p\000e\000r\000a\000t\000o\000r\000*\000=\000\050\000\051\000\040\000[\0001\000/\0002\000]}{subsection.4.16.2}% 239
\BOOKMARK [3][-]{subsubsection.4.16.2.11}{\376\377\0004\000.\0001\0006\000.\0002\000.\0001\0001\000\040\000o\000p\000e\000r\000a\000t\000o\000r\000*\000=\000\050\000\051\000\040\000[\0002\000/\0002\000]}{subsection.4.16.2}% 240
\BOOKMARK [3][-]{subsubsection.4.16.2.12}{\376\377\0004\000.\0001\0006\000.\0002\000.\0001\0002\000\040\000o\000p\000e\000r\000a\000t\000o\000r\000+\000\050\000\051\000\040\000[\0001\000/\0002\000]}{subsection.4.16.2}% 241
\BOOKMARK [3][-]{subsubsection.4.16.2.13}{\376\377\0004\000.\0001\0006\000.\0002\000.\0001\0003\000\040\000o\000p\000e\000r\000a\000t\000o\000r\000+\000\050\000\051\000\040\000[\0002\000/\0002\000]}{subsection.4.16.2}% 242
\BOOKMARK [3][-]{subsubsection.4.16.2.14}{\376\377\0004\000.\0001\0006\000.\0002\000.\0001\0004\000\040\000o\000p\000e\000r\000a\000t\000o\000r\000+\000=\000\050\000\051\000\040\000[\0001\000/\0002\000]}{subsection.4.16.2}% 243
\BOOKMARK [3][-]{subsubsection.4.16.2.15}{\376\377\0004\000.\0001\0006\000.\0002\000.\0001\0005\000\040\000o\000p\000e\000r\000a\000t\000o\000r\000+\000=\000\050\000\051\000\040\000[\0002\000/\0002\000]}{subsection.4.16.2}% 244
\BOOKMARK [3][-]{subsubsection.4.16.2.16}{\376\377\0004\000.\0001\0006\000.\0002\000.\0001\0006\000\040\000o\000p\000e\000r\000a\000t\000o\000r\000-\000\050\000\051\000\040\000[\0001\000/\0002\000]}{subsection.4.16.2}% 245
\BOOKMARK [3][-]{subsubsection.4.16.2.17}{\376\377\0004\000.\0001\0006\000.\0002\000.\0001\0007\000\040\000o\000p\000e\000r\000a\000t\000o\000r\000-\000\050\000\051\000\040\000[\0002\000/\0002\000]}{subsection.4.16.2}% 246
\BOOKMARK [3][-]{subsubsection.4.16.2.18}{\376\377\0004\000.\0001\0006\000.\0002\000.\0001\0008\000\040\000o\000p\000e\000r\000a\000t\000o\000r\000-\000=\000\050\000\051\000\040\000[\0001\000/\0002\000]}{subsection.4.16.2}% 247
\BOOKMARK [3][-]{subsubsection.4.16.2.19}{\376\377\0004\000.\0001\0006\000.\0002\000.\0001\0009\000\040\000o\000p\000e\000r\000a\000t\000o\000r\000-\000=\000\050\000\051\000\040\000[\0002\000/\0002\000]}{subsection.4.16.2}% 248
\BOOKMARK [3][-]{subsubsection.4.16.2.20}{\376\377\0004\000.\0001\0006\000.\0002\000.\0002\0000\000\040\000o\000p\000e\000r\000a\000t\000o\000r\000/\000\050\000\051\000\040\000[\0001\000/\0002\000]}{subsection.4.16.2}% 249
\BOOKMARK [3][-]{subsubsection.4.16.2.21}{\376\377\0004\000.\0001\0006\000.\0002\000.\0002\0001\000\040\000o\000p\000e\000r\000a\000t\000o\000r\000/\000\050\000\051\000\040\000[\0002\000/\0002\000]}{subsection.4.16.2}% 250
\BOOKMARK [3][-]{subsubsection.4.16.2.22}{\376\377\0004\000.\0001\0006\000.\0002\000.\0002\0002\000\040\000o\000p\000e\000r\000a\000t\000o\000r\000/\000=\000\050\000\051\000\040\000[\0001\000/\0002\000]}{subsection.4.16.2}% 251
\BOOKMARK [3][-]{subsubsection.4.16.2.23}{\376\377\0004\000.\0001\0006\000.\0002\000.\0002\0003\000\040\000o\000p\000e\000r\000a\000t\000o\000r\000/\000=\000\050\000\051\000\040\000[\0002\000/\0002\000]}{subsection.4.16.2}% 252
\BOOKMARK [2][-]{subsection.4.16.3}{\376\377\0004\000.\0001\0006\000.\0003\000\040\000M\000e\000m\000b\000e\000r\000\040\000D\000a\000t\000a\000\040\000D\000o\000c\000u\000m\000e\000n\000t\000a\000t\000i\000o\000n}{section.4.16}% 253
\BOOKMARK [3][-]{subsubsection.4.16.3.1}{\376\377\0004\000.\0001\0006\000.\0003\000.\0001\000\040\000x}{subsection.4.16.3}% 254
\BOOKMARK [3][-]{subsubsection.4.16.3.2}{\376\377\0004\000.\0001\0006\000.\0003\000.\0002\000\040\000y}{subsection.4.16.3}% 255
\BOOKMARK [0][-]{chapter.5}{\376\377\0005\000\040\000F\000i\000l\000e\000\040\000D\000o\000c\000u\000m\000e\000n\000t\000a\000t\000i\000o\000n}{}% 256
\BOOKMARK [1][-]{section.5.1}{\376\377\0005\000.\0001\000\040\000s\000r\000c\000/\000i\000n\000c\000l\000u\000d\000e\000/\000G\000l\000o\000b\000a\000l\000.\000h\000\040\000F\000i\000l\000e\000\040\000R\000e\000f\000e\000r\000e\000n\000c\000e}{chapter.5}% 257
\BOOKMARK [2][-]{subsection.5.1.1}{\376\377\0005\000.\0001\000.\0001\000\040\000F\000u\000n\000c\000t\000i\000o\000n\000\040\000D\000o\000c\000u\000m\000e\000n\000t\000a\000t\000i\000o\000n}{section.5.1}% 258
\BOOKMARK [3][-]{subsubsection.5.1.1.1}{\376\377\0005\000.\0001\000.\0001\000.\0001\000\040\000c\000h\000a\000n\000g\000e\000S\000t\000a\000t\000e\000\050\000\051}{subsection.5.1.1}% 259
\BOOKMARK [3][-]{subsubsection.5.1.1.2}{\376\377\0005\000.\0001\000.\0001\000.\0002\000\040\000c\000l\000o\000s\000e\000\050\000\051}{subsection.5.1.1}% 260
\BOOKMARK [3][-]{subsubsection.5.1.1.3}{\376\377\0005\000.\0001\000.\0001\000.\0003\000\040\000i\000n\000i\000t\000\050\000\051}{subsection.5.1.1}% 261
\BOOKMARK [3][-]{subsubsection.5.1.1.4}{\376\377\0005\000.\0001\000.\0001\000.\0004\000\040\000l\000o\000a\000d\000M\000e\000d\000i\000a\000\050\000\051}{subsection.5.1.1}% 262
\BOOKMARK [3][-]{subsubsection.5.1.1.5}{\376\377\0005\000.\0001\000.\0001\000.\0005\000\040\000s\000e\000t\000N\000e\000x\000t\000S\000t\000a\000t\000e\000\050\000\051}{subsection.5.1.1}% 263
\BOOKMARK [2][-]{subsection.5.1.2}{\376\377\0005\000.\0001\000.\0002\000\040\000V\000a\000r\000i\000a\000b\000l\000e\000\040\000D\000o\000c\000u\000m\000e\000n\000t\000a\000t\000i\000o\000n}{section.5.1}% 264
\BOOKMARK [3][-]{subsubsection.5.1.2.1}{\376\377\0005\000.\0001\000.\0002\000.\0001\000\040\000g\000F\000o\000n\000t}{subsection.5.1.2}% 265
\BOOKMARK [3][-]{subsubsection.5.1.2.2}{\376\377\0005\000.\0001\000.\0002\000.\0002\000\040\000g\000R\000e\000n\000d\000e\000r\000e\000r}{subsection.5.1.2}% 266
\BOOKMARK [1][-]{section.5.2}{\376\377\0005\000.\0002\000\040\000G\000l\000o\000b\000a\000l\000.\000h}{chapter.5}% 267
\BOOKMARK [1][-]{section.5.3}{\376\377\0005\000.\0003\000\040\000s\000r\000c\000/\000i\000n\000c\000l\000u\000d\000e\000/\000L\000T\000i\000m\000e\000r\000.\000h\000\040\000F\000i\000l\000e\000\040\000R\000e\000f\000e\000r\000e\000n\000c\000e}{chapter.5}% 268
\BOOKMARK [1][-]{section.5.4}{\376\377\0005\000.\0004\000\040\000L\000T\000i\000m\000e\000r\000.\000h}{chapter.5}% 269
\BOOKMARK [1][-]{section.5.5}{\376\377\0005\000.\0005\000\040\000s\000r\000c\000/\000i\000n\000c\000l\000u\000d\000e\000/\000m\000a\000p\000/\000M\000a\000p\000.\000h\000\040\000F\000i\000l\000e\000\040\000R\000e\000f\000e\000r\000e\000n\000c\000e}{chapter.5}% 270
\BOOKMARK [2][-]{subsection.5.5.1}{\376\377\0005\000.\0005\000.\0001\000\040\000D\000e\000t\000a\000i\000l\000e\000d\000\040\000D\000e\000s\000c\000r\000i\000p\000t\000i\000o\000n}{section.5.5}% 271
\BOOKMARK [1][-]{section.5.6}{\376\377\0005\000.\0006\000\040\000M\000a\000p\000.\000h}{chapter.5}% 272
\BOOKMARK [1][-]{section.5.7}{\376\377\0005\000.\0007\000\040\000s\000r\000c\000/\000i\000n\000c\000l\000u\000d\000e\000/\000s\000t\000a\000t\000e\000s\000/\000E\000x\000i\000t\000S\000t\000a\000t\000e\000.\000h\000\040\000F\000i\000l\000e\000\040\000R\000e\000f\000e\000r\000e\000n\000c\000e}{chapter.5}% 273
\BOOKMARK [1][-]{section.5.8}{\376\377\0005\000.\0008\000\040\000E\000x\000i\000t\000S\000t\000a\000t\000e\000.\000h}{chapter.5}% 274
\BOOKMARK [1][-]{section.5.9}{\376\377\0005\000.\0009\000\040\000s\000r\000c\000/\000i\000n\000c\000l\000u\000d\000e\000/\000s\000t\000a\000t\000e\000s\000/\000G\000a\000m\000e\000S\000t\000a\000t\000e\000.\000h\000\040\000F\000i\000l\000e\000\040\000R\000e\000f\000e\000r\000e\000n\000c\000e}{chapter.5}% 275
\BOOKMARK [1][-]{section.5.10}{\376\377\0005\000.\0001\0000\000\040\000G\000a\000m\000e\000S\000t\000a\000t\000e\000.\000h}{chapter.5}% 276
\BOOKMARK [1][-]{section.5.11}{\376\377\0005\000.\0001\0001\000\040\000s\000r\000c\000/\000i\000n\000c\000l\000u\000d\000e\000/\000s\000t\000a\000t\000e\000s\000/\000I\000n\000t\000r\000o\000S\000t\000a\000t\000e\000.\000h\000\040\000F\000i\000l\000e\000\040\000R\000e\000f\000e\000r\000e\000n\000c\000e}{chapter.5}% 277
\BOOKMARK [2][-]{subsection.5.11.1}{\376\377\0005\000.\0001\0001\000.\0001\000\040\000M\000a\000c\000r\000o\000\040\000D\000e\000f\000i\000n\000i\000t\000i\000o\000n\000\040\000D\000o\000c\000u\000m\000e\000n\000t\000a\000t\000i\000o\000n}{section.5.11}% 278
\BOOKMARK [3][-]{subsubsection.5.11.1.1}{\376\377\0005\000.\0001\0001\000.\0001\000.\0001\000\040\000I\000N\000T\000R\000O\000S\000T\000A\000T\000E\000\137\000H}{subsection.5.11.1}% 279
\BOOKMARK [1][-]{section.5.12}{\376\377\0005\000.\0001\0002\000\040\000I\000n\000t\000r\000o\000S\000t\000a\000t\000e\000.\000h}{chapter.5}% 280
\BOOKMARK [1][-]{section.5.13}{\376\377\0005\000.\0001\0003\000\040\000s\000r\000c\000/\000i\000n\000c\000l\000u\000d\000e\000/\000s\000t\000a\000t\000e\000s\000/\000p\000a\000r\000t\000s\000/\000M\000a\000i\000n\000G\000a\000m\000e\000S\000t\000a\000t\000e\000.\000h\000\040\000F\000i\000l\000e\000\040\000R\000e\000f\000e\000r\000e\000n\000c\000e}{chapter.5}% 281
\BOOKMARK [1][-]{section.5.14}{\376\377\0005\000.\0001\0004\000\040\000M\000a\000i\000n\000G\000a\000m\000e\000S\000t\000a\000t\000e\000.\000h}{chapter.5}% 282
\BOOKMARK [1][-]{section.5.15}{\376\377\0005\000.\0001\0005\000\040\000s\000r\000c\000/\000i\000n\000c\000l\000u\000d\000e\000/\000s\000t\000a\000t\000e\000s\000/\000p\000a\000r\000t\000s\000/\000P\000a\000r\000t\0001\000S\000t\000a\000t\000e\000.\000h\000\040\000F\000i\000l\000e\000\040\000R\000e\000f\000e\000r\000e\000n\000c\000e}{chapter.5}% 283
\BOOKMARK [2][-]{subsection.5.15.1}{\376\377\0005\000.\0001\0005\000.\0001\000\040\000D\000e\000t\000a\000i\000l\000e\000d\000\040\000D\000e\000s\000c\000r\000i\000p\000t\000i\000o\000n}{section.5.15}% 284
\BOOKMARK [1][-]{section.5.16}{\376\377\0005\000.\0001\0006\000\040\000P\000a\000r\000t\0001\000S\000t\000a\000t\000e\000.\000h}{chapter.5}% 285
\BOOKMARK [1][-]{section.5.17}{\376\377\0005\000.\0001\0007\000\040\000s\000r\000c\000/\000i\000n\000c\000l\000u\000d\000e\000/\000s\000t\000a\000t\000e\000s\000/\000p\000a\000r\000t\000s\000/\000P\000a\000r\000t\0002\000S\000t\000a\000t\000e\000.\000h\000\040\000F\000i\000l\000e\000\040\000R\000e\000f\000e\000r\000e\000n\000c\000e}{chapter.5}% 286
\BOOKMARK [1][-]{section.5.18}{\376\377\0005\000.\0001\0008\000\040\000P\000a\000r\000t\0002\000S\000t\000a\000t\000e\000.\000h}{chapter.5}% 287
\BOOKMARK [1][-]{section.5.19}{\376\377\0005\000.\0001\0009\000\040\000s\000r\000c\000/\000i\000n\000c\000l\000u\000d\000e\000/\000s\000t\000a\000t\000e\000s\000/\000p\000a\000r\000t\000s\000/\000P\000a\000r\000t\0003\000S\000t\000a\000t\000e\000.\000h\000\040\000F\000i\000l\000e\000\040\000R\000e\000f\000e\000r\000e\000n\000c\000e}{chapter.5}% 288
\BOOKMARK [1][-]{section.5.20}{\376\377\0005\000.\0002\0000\000\040\000P\000a\000r\000t\0003\000S\000t\000a\000t\000e\000.\000h}{chapter.5}% 289
\BOOKMARK [1][-]{section.5.21}{\376\377\0005\000.\0002\0001\000\040\000s\000r\000c\000/\000i\000n\000c\000l\000u\000d\000e\000/\000s\000t\000a\000t\000e\000s\000/\000T\000i\000t\000l\000e\000S\000t\000a\000t\000e\000.\000h\000\040\000F\000i\000l\000e\000\040\000R\000e\000f\000e\000r\000e\000n\000c\000e}{chapter.5}% 290
\BOOKMARK [1][-]{section.5.22}{\376\377\0005\000.\0002\0002\000\040\000T\000i\000t\000l\000e\000S\000t\000a\000t\000e\000.\000h}{chapter.5}% 291
\BOOKMARK [1][-]{section.5.23}{\376\377\0005\000.\0002\0003\000\040\000s\000r\000c\000/\000i\000n\000c\000l\000u\000d\000e\000/\000u\000i\000/\000L\000B\000u\000t\000t\000o\000n\000.\000h\000\040\000F\000i\000l\000e\000\040\000R\000e\000f\000e\000r\000e\000n\000c\000e}{chapter.5}% 292
\BOOKMARK [1][-]{section.5.24}{\376\377\0005\000.\0002\0004\000\040\000L\000B\000u\000t\000t\000o\000n\000.\000h}{chapter.5}% 293
\BOOKMARK [1][-]{section.5.25}{\376\377\0005\000.\0002\0005\000\040\000s\000r\000c\000/\000i\000n\000c\000l\000u\000d\000e\000/\000u\000i\000/\000L\000T\000e\000x\000t\000u\000r\000e\000.\000h\000\040\000F\000i\000l\000e\000\040\000R\000e\000f\000e\000r\000e\000n\000c\000e}{chapter.5}% 294
\BOOKMARK [1][-]{section.5.26}{\376\377\0005\000.\0002\0006\000\040\000L\000T\000e\000x\000t\000u\000r\000e\000.\000h}{chapter.5}% 295
\BOOKMARK [1][-]{section.5.27}{\376\377\0005\000.\0002\0007\000\040\000s\000r\000c\000/\000i\000n\000c\000l\000u\000d\000e\000/\000u\000t\000i\000l\000/\000T\000e\000x\000t\000u\000r\000e\000L\000o\000a\000d\000e\000r\000.\000h\000\040\000F\000i\000l\000e\000\040\000R\000e\000f\000e\000r\000e\000n\000c\000e}{chapter.5}% 296
\BOOKMARK [2][-]{subsection.5.27.1}{\376\377\0005\000.\0002\0007\000.\0001\000\040\000D\000e\000t\000a\000i\000l\000e\000d\000\040\000D\000e\000s\000c\000r\000i\000p\000t\000i\000o\000n}{section.5.27}% 297
\BOOKMARK [1][-]{section.5.28}{\376\377\0005\000.\0002\0008\000\040\000T\000e\000x\000t\000u\000r\000e\000L\000o\000a\000d\000e\000r\000.\000h}{chapter.5}% 298
\BOOKMARK [1][-]{section.5.29}{\376\377\0005\000.\0002\0009\000\040\000s\000r\000c\000/\000i\000n\000c\000l\000u\000d\000e\000/\000u\000t\000i\000l\000/\000V\000e\000c\000t\000o\000r\0002\000D\000.\000h\000\040\000F\000i\000l\000e\000\040\000R\000e\000f\000e\000r\000e\000n\000c\000e}{chapter.5}% 299
\BOOKMARK [2][-]{subsection.5.29.1}{\376\377\0005\000.\0002\0009\000.\0001\000\040\000D\000e\000t\000a\000i\000l\000e\000d\000\040\000D\000e\000s\000c\000r\000i\000p\000t\000i\000o\000n}{section.5.29}% 300
\BOOKMARK [1][-]{section.5.30}{\376\377\0005\000.\0003\0000\000\040\000V\000e\000c\000t\000o\000r\0002\000D\000.\000h}{chapter.5}% 301
\BOOKMARK [1][-]{section.5.31}{\376\377\0005\000.\0003\0001\000\040\000s\000r\000c\000/\000L\000T\000i\000m\000e\000r\000.\000c\000p\000p\000\040\000F\000i\000l\000e\000\040\000R\000e\000f\000e\000r\000e\000n\000c\000e}{chapter.5}% 302
\BOOKMARK [1][-]{section.5.32}{\376\377\0005\000.\0003\0002\000\040\000s\000r\000c\000/\000m\000a\000i\000n\000.\000c\000p\000p\000\040\000F\000i\000l\000e\000\040\000R\000e\000f\000e\000r\000e\000n\000c\000e}{chapter.5}% 303
\BOOKMARK [2][-]{subsection.5.32.1}{\376\377\0005\000.\0003\0002\000.\0001\000\040\000F\000u\000n\000c\000t\000i\000o\000n\000\040\000D\000o\000c\000u\000m\000e\000n\000t\000a\000t\000i\000o\000n}{section.5.32}% 304
\BOOKMARK [3][-]{subsubsection.5.32.1.1}{\376\377\0005\000.\0003\0002\000.\0001\000.\0001\000\040\000c\000h\000a\000n\000g\000e\000S\000t\000a\000t\000e\000\050\000\051}{subsection.5.32.1}% 305
\BOOKMARK [3][-]{subsubsection.5.32.1.2}{\376\377\0005\000.\0003\0002\000.\0001\000.\0002\000\040\000c\000l\000o\000s\000e\000\050\000\051}{subsection.5.32.1}% 306
\BOOKMARK [3][-]{subsubsection.5.32.1.3}{\376\377\0005\000.\0003\0002\000.\0001\000.\0003\000\040\000i\000n\000i\000t\000\050\000\051}{subsection.5.32.1}% 307
\BOOKMARK [3][-]{subsubsection.5.32.1.4}{\376\377\0005\000.\0003\0002\000.\0001\000.\0004\000\040\000l\000o\000a\000d\000M\000e\000d\000i\000a\000\050\000\051}{subsection.5.32.1}% 308
\BOOKMARK [3][-]{subsubsection.5.32.1.5}{\376\377\0005\000.\0003\0002\000.\0001\000.\0005\000\040\000m\000a\000i\000n\000\050\000\051}{subsection.5.32.1}% 309
\BOOKMARK [3][-]{subsubsection.5.32.1.6}{\376\377\0005\000.\0003\0002\000.\0001\000.\0006\000\040\000s\000e\000t\000N\000e\000x\000t\000S\000t\000a\000t\000e\000\050\000\051}{subsection.5.32.1}% 310
\BOOKMARK [2][-]{subsection.5.32.2}{\376\377\0005\000.\0003\0002\000.\0002\000\040\000V\000a\000r\000i\000a\000b\000l\000e\000\040\000D\000o\000c\000u\000m\000e\000n\000t\000a\000t\000i\000o\000n}{section.5.32}% 311
\BOOKMARK [3][-]{subsubsection.5.32.2.1}{\376\377\0005\000.\0003\0002\000.\0002\000.\0001\000\040\000g\000C\000u\000r\000r\000e\000n\000t\000S\000t\000a\000t\000e}{subsection.5.32.2}% 312
\BOOKMARK [3][-]{subsubsection.5.32.2.2}{\376\377\0005\000.\0003\0002\000.\0002\000.\0002\000\040\000g\000F\000o\000n\000t}{subsection.5.32.2}% 313
\BOOKMARK [3][-]{subsubsection.5.32.2.3}{\376\377\0005\000.\0003\0002\000.\0002\000.\0003\000\040\000g\000F\000p\000s\000T\000e\000x\000t\000u\000r\000e}{subsection.5.32.2}% 314
\BOOKMARK [3][-]{subsubsection.5.32.2.4}{\376\377\0005\000.\0003\0002\000.\0002\000.\0004\000\040\000g\000N\000e\000x\000t\000S\000t\000a\000t\000e}{subsection.5.32.2}% 315
\BOOKMARK [3][-]{subsubsection.5.32.2.5}{\376\377\0005\000.\0003\0002\000.\0002\000.\0005\000\040\000g\000R\000e\000n\000d\000e\000r\000e\000r}{subsection.5.32.2}% 316
\BOOKMARK [3][-]{subsubsection.5.32.2.6}{\376\377\0005\000.\0003\0002\000.\0002\000.\0006\000\040\000g\000W\000i\000n\000d\000o\000w}{subsection.5.32.2}% 317
\BOOKMARK [3][-]{subsubsection.5.32.2.7}{\376\377\0005\000.\0003\0002\000.\0002\000.\0007\000\040\000k\000S\000c\000r\000e\000e\000n\000F\000p\000s}{subsection.5.32.2}% 318
\BOOKMARK [1][-]{section.5.33}{\376\377\0005\000.\0003\0003\000\040\000s\000r\000c\000/\000m\000a\000p\000/\000M\000a\000p\000.\000c\000p\000p\000\040\000F\000i\000l\000e\000\040\000R\000e\000f\000e\000r\000e\000n\000c\000e}{chapter.5}% 319
\BOOKMARK [2][-]{subsection.5.33.1}{\376\377\0005\000.\0003\0003\000.\0001\000\040\000D\000e\000t\000a\000i\000l\000e\000d\000\040\000D\000e\000s\000c\000r\000i\000p\000t\000i\000o\000n}{section.5.33}% 320
\BOOKMARK [1][-]{section.5.34}{\376\377\0005\000.\0003\0004\000\040\000s\000r\000c\000/\000s\000t\000a\000t\000e\000s\000/\000E\000x\000i\000t\000S\000t\000a\000t\000e\000.\000c\000p\000p\000\040\000F\000i\000l\000e\000\040\000R\000e\000f\000e\000r\000e\000n\000c\000e}{chapter.5}% 321
\BOOKMARK [1][-]{section.5.35}{\376\377\0005\000.\0003\0005\000\040\000E\000x\000i\000t\000S\000t\000a\000t\000e\000.\000c\000p\000p}{chapter.5}% 322
\BOOKMARK [1][-]{section.5.36}{\376\377\0005\000.\0003\0006\000\040\000s\000r\000c\000/\000s\000t\000a\000t\000e\000s\000/\000I\000n\000t\000r\000o\000S\000t\000a\000t\000e\000.\000c\000p\000p\000\040\000F\000i\000l\000e\000\040\000R\000e\000f\000e\000r\000e\000n\000c\000e}{chapter.5}% 323
\BOOKMARK [1][-]{section.5.37}{\376\377\0005\000.\0003\0007\000\040\000I\000n\000t\000r\000o\000S\000t\000a\000t\000e\000.\000c\000p\000p}{chapter.5}% 324
\BOOKMARK [1][-]{section.5.38}{\376\377\0005\000.\0003\0008\000\040\000s\000r\000c\000/\000s\000t\000a\000t\000e\000s\000/\000p\000a\000r\000t\000s\000/\000M\000a\000i\000n\000G\000a\000m\000e\000S\000t\000a\000t\000e\000.\000c\000p\000p\000\040\000F\000i\000l\000e\000\040\000R\000e\000f\000e\000r\000e\000n\000c\000e}{chapter.5}% 325
\BOOKMARK [1][-]{section.5.39}{\376\377\0005\000.\0003\0009\000\040\000s\000r\000c\000/\000s\000t\000a\000t\000e\000s\000/\000p\000a\000r\000t\000s\000/\000P\000a\000r\000t\0001\000S\000t\000a\000t\000e\000.\000c\000p\000p\000\040\000F\000i\000l\000e\000\040\000R\000e\000f\000e\000r\000e\000n\000c\000e}{chapter.5}% 326
\BOOKMARK [2][-]{subsection.5.39.1}{\376\377\0005\000.\0003\0009\000.\0001\000\040\000D\000e\000t\000a\000i\000l\000e\000d\000\040\000D\000e\000s\000c\000r\000i\000p\000t\000i\000o\000n}{section.5.39}% 327
\BOOKMARK [1][-]{section.5.40}{\376\377\0005\000.\0004\0000\000\040\000s\000r\000c\000/\000s\000t\000a\000t\000e\000s\000/\000p\000a\000r\000t\000s\000/\000P\000a\000r\000t\0002\000S\000t\000a\000t\000e\000.\000c\000p\000p\000\040\000F\000i\000l\000e\000\040\000R\000e\000f\000e\000r\000e\000n\000c\000e}{chapter.5}% 328
\BOOKMARK [1][-]{section.5.41}{\376\377\0005\000.\0004\0001\000\040\000s\000r\000c\000/\000s\000t\000a\000t\000e\000s\000/\000p\000a\000r\000t\000s\000/\000P\000a\000r\000t\0003\000S\000t\000a\000t\000e\000.\000c\000p\000p\000\040\000F\000i\000l\000e\000\040\000R\000e\000f\000e\000r\000e\000n\000c\000e}{chapter.5}% 329
\BOOKMARK [1][-]{section.5.42}{\376\377\0005\000.\0004\0002\000\040\000s\000r\000c\000/\000s\000t\000a\000t\000e\000s\000/\000T\000i\000t\000l\000e\000S\000t\000a\000t\000e\000.\000c\000p\000p\000\040\000F\000i\000l\000e\000\040\000R\000e\000f\000e\000r\000e\000n\000c\000e}{chapter.5}% 330
\BOOKMARK [2][-]{subsection.5.42.1}{\376\377\0005\000.\0004\0002\000.\0001\000\040\000V\000a\000r\000i\000a\000b\000l\000e\000\040\000D\000o\000c\000u\000m\000e\000n\000t\000a\000t\000i\000o\000n}{section.5.42}% 331
\BOOKMARK [3][-]{subsubsection.5.42.1.1}{\376\377\0005\000.\0004\0002\000.\0001\000.\0001\000\040\000b\000u\000t\000t\000o\000n\000s}{subsection.5.42.1}% 332
\BOOKMARK [3][-]{subsubsection.5.42.1.2}{\376\377\0005\000.\0004\0002\000.\0001\000.\0002\000\040\000k\000B\000u\000t\000t\000o\000n\000C\000o\000u\000n\000t}{subsection.5.42.1}% 333
\BOOKMARK [1][-]{section.5.43}{\376\377\0005\000.\0004\0003\000\040\000T\000i\000t\000l\000e\000S\000t\000a\000t\000e\000.\000c\000p\000p}{chapter.5}% 334
\BOOKMARK [1][-]{section.5.44}{\376\377\0005\000.\0004\0004\000\040\000s\000r\000c\000/\000u\000i\000/\000L\000B\000u\000t\000t\000o\000n\000.\000c\000p\000p\000\040\000F\000i\000l\000e\000\040\000R\000e\000f\000e\000r\000e\000n\000c\000e}{chapter.5}% 335
\BOOKMARK [1][-]{section.5.45}{\376\377\0005\000.\0004\0005\000\040\000s\000r\000c\000/\000u\000i\000/\000L\000T\000e\000x\000t\000u\000r\000e\000.\000c\000p\000p\000\040\000F\000i\000l\000e\000\040\000R\000e\000f\000e\000r\000e\000n\000c\000e}{chapter.5}% 336
\BOOKMARK [1][-]{section.5.46}{\376\377\0005\000.\0004\0006\000\040\000L\000T\000e\000x\000t\000u\000r\000e\000.\000c\000p\000p}{chapter.5}% 337
\BOOKMARK [1][-]{section.5.47}{\376\377\0005\000.\0004\0007\000\040\000s\000r\000c\000/\000u\000t\000i\000l\000/\000T\000e\000x\000t\000u\000r\000e\000L\000o\000a\000d\000e\000r\000.\000c\000p\000p\000\040\000F\000i\000l\000e\000\040\000R\000e\000f\000e\000r\000e\000n\000c\000e}{chapter.5}% 338
\BOOKMARK [2][-]{subsection.5.47.1}{\376\377\0005\000.\0004\0007\000.\0001\000\040\000D\000e\000t\000a\000i\000l\000e\000d\000\040\000D\000e\000s\000c\000r\000i\000p\000t\000i\000o\000n}{section.5.47}% 339
\BOOKMARK [2][-]{subsection.5.47.2}{\376\377\0005\000.\0004\0007\000.\0002\000\040\000F\000u\000n\000c\000t\000i\000o\000n\000\040\000D\000o\000c\000u\000m\000e\000n\000t\000a\000t\000i\000o\000n}{section.5.47}% 340
\BOOKMARK [3][-]{subsubsection.5.47.2.1}{\376\377\0005\000.\0004\0007\000.\0002\000.\0001\000\040\000g\000e\000t\000L\000o\000a\000d\000e\000d\000T\000e\000x\000t\000u\000r\000e\000s\000\050\000\051}{subsection.5.47.2}% 341
\BOOKMARK [1][-]{section.5.48}{\376\377\0005\000.\0004\0008\000\040\000s\000r\000c\000/\000u\000t\000i\000l\000/\000V\000e\000c\000t\000o\000r\0002\000D\000.\000c\000p\000p\000\040\000F\000i\000l\000e\000\040\000R\000e\000f\000e\000r\000e\000n\000c\000e}{chapter.5}% 342
\BOOKMARK [2][-]{subsection.5.48.1}{\376\377\0005\000.\0004\0008\000.\0001\000\040\000D\000e\000t\000a\000i\000l\000e\000d\000\040\000D\000e\000s\000c\000r\000i\000p\000t\000i\000o\000n}{section.5.48}% 343
\BOOKMARK [0][-]{section*.250}{\376\377\000I\000n\000d\000e\000x}{}% 344
